<?xml version="1.0" encoding="UTF-8" ?>
<testsuites>
 <testsuite name="Given that I go to istockphoto" timestamp="2017-07-09T18:48:47" hostname="localhost" time="29.367" errors="0" tests="0" skipped="0" disabled="0" failures="0">
 </testsuite>
 <testsuite name="Given that I go to istockphoto.When I login with bad credentials" timestamp="2017-07-09T18:48:47" hostname="localhost" time="29.367" errors="0" tests="1" skipped="0" disabled="0" failures="0">
  <testcase classname="Given that I go to istockphoto.When I login with bad credentials" name="Then I get an error" time="29.366" />
 </testsuite>
 <testsuite name="Given that I go to istockphoto" timestamp="2017-07-09T18:49:17" hostname="localhost" time="23.117" errors="0" tests="0" skipped="0" disabled="0" failures="0">
 </testsuite>
 <testsuite name="Given that I go to istockphoto.When I login with good credentials" timestamp="2017-07-09T18:49:17" hostname="localhost" time="23.117" errors="0" tests="1" skipped="0" disabled="0" failures="1">
  <testcase classname="Given that I go to istockphoto.When I login with good credentials" name="Then I get a dashboard" time="23.117">
   <failure type="exception" message="Failed: Timed out waiting for asynchronous Angular tasks to finish after 11 seconds. This may be because the current page is not an Angular application. Please see the FAQ for more details: https://github.com/angular/protractor/blob/master/docs/timeouts.md#waiting-for-angular
While waiting for element with locator - Locator: By(css selector, a[data-nav=&apos;nav=nav_SignIn&apos;]). 
The following tasks were pending:
 - $http: /ca/search/search-by-image/manifest.json"><![CDATA[ScriptTimeoutError: asynchronous script timeout: result was not received in 11 seconds
  (Session info: chrome=59.0.3071.115)
  (Driver info: chromedriver=2.30.477700 (0057494ad8732195794a7b32078424f92a5fce41),platform=Windows NT 10.0.15063 x86_64) (WARNING: The server did not provide any stacktrace information)
Command duration or timeout: 11.09 seconds
Build info: version: '3.4.0', revision: 'unknown', time: 'unknown'
System info: host: 'DESKTOP-79U09O2', ip: '10.10.99.220', os.name: 'Windows 10', os.arch: 'amd64', os.version: '10.0', java.version: '1.8.0_111'
Driver info: org.openqa.selenium.chrome.ChromeDriver
Capabilities [{applicationCacheEnabled=false, rotatable=false, mobileEmulationEnabled=false, networkConnectionEnabled=false, chrome={chromedriverVersion=2.30.477700 (0057494ad8732195794a7b32078424f92a5fce41), userDataDir=C:\Users\FELIXL~1\AppData\Local\Temp\scoped_dir11728_7207}, takesHeapSnapshot=true, pageLoadStrategy=normal, databaseEnabled=false, handlesAlerts=true, hasTouchScreen=false, version=59.0.3071.115, platform=XP, browserConnectionEnabled=false, nativeEvents=true, acceptSslCerts=true, locationContextEnabled=true, webStorageEnabled=true, browserName=chrome, takesScreenshot=true, javascriptEnabled=true, cssSelectorsEnabled=true, unexpectedAlertBehaviour=}]
Session ID: 39e9ad2a6bebdaddb1a8b5d09d1104dc
    at WebDriverError (C:\Users\Felix Livshits\AppData\Roaming\npm\node_modules\protractor\node_modules\selenium-webdriver\lib\error.js:27:5)
    at ScriptTimeoutError (C:\Users\Felix Livshits\AppData\Roaming\npm\node_modules\protractor\node_modules\selenium-webdriver\lib\error.js:203:5)
    at Object.checkLegacyResponse (C:\Users\Felix Livshits\AppData\Roaming\npm\node_modules\protractor\node_modules\selenium-webdriver\lib\error.js:505:15)
    at parseHttpResponse (C:\Users\Felix Livshits\AppData\Roaming\npm\node_modules\protractor\node_modules\selenium-webdriver\lib\http.js:509:13)
    at doSend.then.response (C:\Users\Felix Livshits\AppData\Roaming\npm\node_modules\protractor\node_modules\selenium-webdriver\lib\http.js:440:13)
    at process._tickCallback (internal/process/next_tick.js:109:7)
From: Task: Protractor.waitForAngular() - Locator: By(css selector, a[data-nav='nav=nav_SignIn'])
    at thenableWebDriverProxy.schedule (C:\Users\Felix Livshits\AppData\Roaming\npm\node_modules\protractor\node_modules\selenium-webdriver\lib\webdriver.js:816:17)
    at ProtractorBrowser.executeAsyncScript_ (C:\Users\Felix Livshits\AppData\Roaming\npm\node_modules\protractor\lib\browser.ts:609:24)
    at angularAppRoot.then (C:\Users\Felix Livshits\AppData\Roaming\npm\node_modules\protractor\lib\browser.ts:643:23)
    at ManagedPromise.invokeCallback_ (C:\Users\Felix Livshits\AppData\Roaming\npm\node_modules\protractor\node_modules\selenium-webdriver\lib\promise.js:1366:14)
    at TaskQueue.execute_ (C:\Users\Felix Livshits\AppData\Roaming\npm\node_modules\protractor\node_modules\selenium-webdriver\lib\promise.js:2970:14)
    at TaskQueue.executeNext_ (C:\Users\Felix Livshits\AppData\Roaming\npm\node_modules\protractor\node_modules\selenium-webdriver\lib\promise.js:2953:27)
    at asyncRun (C:\Users\Felix Livshits\AppData\Roaming\npm\node_modules\protractor\node_modules\selenium-webdriver\lib\promise.js:2813:27)
    at C:\Users\Felix Livshits\AppData\Roaming\npm\node_modules\protractor\node_modules\selenium-webdriver\lib\promise.js:676:7
    at process._tickCallback (internal/process/next_tick.js:109:7)
From: Task: Run it("Then I get a dashboard") in control flow
    at Object.<anonymous> (C:\Users\Felix Livshits\AppData\Roaming\npm\node_modules\protractor\node_modules\jasminewd2\index.js:94:19)
    at attemptAsync (C:\Users\Felix Livshits\AppData\Roaming\npm\node_modules\protractor\node_modules\jasmine-core\lib\jasmine-core\jasmine.js:3945:24)
    at QueueRunner.run (C:\Users\Felix Livshits\AppData\Roaming\npm\node_modules\protractor\node_modules\jasmine-core\lib\jasmine-core\jasmine.js:3884:9)
    at C:\Users\Felix Livshits\AppData\Roaming\npm\node_modules\protractor\node_modules\jasmine-core\lib\jasmine-core\jasmine.js:3924:18
    at C:\Users\Felix Livshits\AppData\Roaming\npm\node_modules\protractor\node_modules\jasmine-core\lib\jasmine-core\jasmine.js:3848:9
    at C:\Users\Felix Livshits\AppData\Roaming\npm\node_modules\protractor\node_modules\jasminewd2\index.js:64:48
    at ControlFlow.emit (C:\Users\Felix Livshits\AppData\Roaming\npm\node_modules\protractor\node_modules\selenium-webdriver\lib\events.js:62:21)
    at ControlFlow.shutdown_ (C:\Users\Felix Livshits\AppData\Roaming\npm\node_modules\protractor\node_modules\selenium-webdriver\lib\promise.js:2565:10)
    at shutdownTask_.MicroTask (C:\Users\Felix Livshits\AppData\Roaming\npm\node_modules\protractor\node_modules\selenium-webdriver\lib\promise.js:2490:53)
    at MicroTask.asyncRun (C:\Users\Felix Livshits\AppData\Roaming\npm\node_modules\protractor\node_modules\selenium-webdriver\lib\promise.js:2619:9)
From asynchronous test: 
Error
    at Suite.<anonymous> (C:\workspace\Protractor-CanTireDemo\Specs\homePage.js:61:3)
    at addSpecsToSuite (C:\Users\Felix Livshits\AppData\Roaming\npm\node_modules\protractor\node_modules\jasmine-core\lib\jasmine-core\jasmine.js:994:25)
    at Env.describe (C:\Users\Felix Livshits\AppData\Roaming\npm\node_modules\protractor\node_modules\jasmine-core\lib\jasmine-core\jasmine.js:961:7)
    at describe (C:\Users\Felix Livshits\AppData\Roaming\npm\node_modules\protractor\node_modules\jasmine-core\lib\jasmine-core\jasmine.js:4031:18)
    at Suite.<anonymous> (C:\workspace\Protractor-CanTireDemo\Specs\homePage.js:59:2)
    at addSpecsToSuite (C:\Users\Felix Livshits\AppData\Roaming\npm\node_modules\protractor\node_modules\jasmine-core\lib\jasmine-core\jasmine.js:994:25)
    at Env.describe (C:\Users\Felix Livshits\AppData\Roaming\npm\node_modules\protractor\node_modules\jasmine-core\lib\jasmine-core\jasmine.js:961:7)
    at describe (C:\Users\Felix Livshits\AppData\Roaming\npm\node_modules\protractor\node_modules\jasmine-core\lib\jasmine-core\jasmine.js:4031:18)
    at Object.<anonymous> (C:\workspace\Protractor-CanTireDemo\Specs\homePage.js:54:1)]]>
   </failure>
  </testcase>
 </testsuite>
</testsuites>